#
# A fatal error has been detected by the Java Runtime Environment:
#
#  EXCEPTION_ACCESS_VIOLATION (0xc0000005) at pc=0x00007ff8f8eed921, pid=18620, tid=3500
#
# JRE version: Java(TM) SE Runtime Environment (17.0.12+8) (build 17.0.12+8-LTS-286)
# Java VM: Java HotSpot(TM) 64-Bit Server VM (17.0.12+8-LTS-286, mixed mode, sharing, tiered, compressed oops, compressed class ptrs, g1 gc, windows-amd64)
# Problematic frame:
# V  [jvm.dll+0x1ad921]
#
# No core dump will be written. Minidumps are not enabled by default on client versions of Windows
#
# If you would like to submit a bug report, please visit:
#   https://bugreport.java.com/bugreport/crash.jsp
#

---------------  S U M M A R Y ------------

Command Line: -Dclassworlds.conf=C:/Program Files/apache-maven-3.8.8-bin/apache-maven-3.8.8/bin/m2.conf -Dmaven.home=C:/Program Files/apache-maven-3.8.8-bin/apache-maven-3.8.8 -Dlibrary.jansi.path=C:/Program Files/apache-maven-3.8.8-bin/apache-maven-3.8.8/lib/jansi-native -Dmaven.multiModuleProjectDirectory=C:/Users/LENOVO/Documents/kabab/vubaride-java-versionn/VubaRide org.codehaus.plexus.classworlds.launcher.Launcher spring-boot:run

Host: Intel(R) Core(TM) i7-8565U CPU @ 1.80GHz, 8 cores, 15G,  Windows 10 , 64 bit Build 19041 (10.0.19041.4597)
Time: Thu Oct 17 05:59:42 2024 Pacific Daylight Time elapsed time: 5.698500 seconds (0d 0h 0m 5s)

---------------  T H R E A D  ---------------

Current thread (0x000002a60a579d30):  GCTaskThread "GC Thread#1" [stack: 0x000000d7b7a00000,0x000000d7b7b00000] [id=3500]

Stack: [0x000000d7b7a00000,0x000000d7b7b00000],  sp=0x000000d7b7aff228,  free space=1020k
Native frames: (J=compiled Java code, j=interpreted, Vv=VM code, C=native code)
V  [jvm.dll+0x1ad921]


siginfo: EXCEPTION_ACCESS_VIOLATION (0xc0000005), reading address 0xffffffffffffffff


Registers:
RAX=0x20000002a5c50000, RBX=0x0000000000000001, RCX=0x000002a5c514b129, RDX=0x00000007082b6df0
RSP=0x000000d7b7aff228, RBP=0x000000000000048b, RSI=0x0000000704d2de90, RDI=0x00000007082b6df0
R8 =0x0000000000000000, R9 =0x000002a5c514b129, R10=0x00000007082b6df0, R11=0x0000000000000001
R12=0x000000d7b7aff530, R13=0x000002a59fb73700, R14=0x000002a60cda2090, R15=0x000002a5c514b129
RIP=0x00007ff8f8eed921, EFLAGS=0x0000000000010246


Register to memory mapping:

RIP=0x00007ff8f8eed921 jvm.dll
RAX=0x20000002a5c50000 is an unknown value
RBX=0x0000000000000001 is an unknown value
RCX=0x000002a5c514b129 is pointing into metadata
RDX=
[error occurred during error reporting (printing register info), id 0xc0000005, EXCEPTION_ACCESS_VIOLATION (0xc0000005) at pc=0x00007ff8f9010606]

Top of Stack: (sp=0x000000d7b7aff228)
0x000000d7b7aff228:   00007ff8f9043d4c 0000000000000000
0x000000d7b7aff238:   000000070bd3a498 0000000000000001
0x000000d7b7aff248:   000000d7b7aff3a0 000002a59fb73700
0x000000d7b7aff258:   0000000704d88400 0000000000000001
0x000000d7b7aff268:   000002a59fc249c0 0000000705e0a138
0x000000d7b7aff278:   00007ff8f904a162 0000000000000001
0x000000d7b7aff288:   0000000000000000 0000000000000040
0x000000d7b7aff298:   000002a59fb73700 000000d7b7aff530
0x000000d7b7aff2a8:   000002a60cda2090 0000000704d2de90
0x000000d7b7aff2b8:   000000000000048b 0000000704d2de91
0x000000d7b7aff2c8:   00007ff8f9044c42 0000000000000000
0x000000d7b7aff2d8:   0000000003820001 0000000000000008
0x000000d7b7aff2e8:   0000000000000001 000002a5b8e67d00
0x000000d7b7aff2f8:   0000000000000016 0000000000000580
0x000000d7b7aff308:   000000d7b7aff530 0000000704da1000
0x000000d7b7aff318:   00007ff8f904190e 0000000704d88200 

Instructions: (pc=0x00007ff8f8eed921)
0x00007ff8f8eed821:   48 8d 54 24 20 48 8b cf 0f 29 44 24 20 ff 50 40
0x00007ff8f8eed831:   33 c0 48 89 44 24 20 48 89 44 24 28 0f 28 44 24
0x00007ff8f8eed841:   20 0f 11 83 f8 02 00 00 48 8b 5c 24 40 48 83 c4
0x00007ff8f8eed851:   30 5f c3 cc cc cc cc cc cc cc cc cc cc cc cc 48
0x00007ff8f8eed861:   8b 49 40 48 8b 01 48 ff 60 28 cc cc cc cc cc 80
0x00007ff8f8eed871:   3d e1 b6 95 00 00 48 8b c1 74 1b 8b 51 08 8b 0d
0x00007ff8f8eed881:   43 3a 8f 00 48 d3 e2 48 8b c8 48 03 15 2e 3a 8f
0x00007ff8f8eed891:   00 e9 19 00 00 00 48 8b 51 08 48 8b c8 e9 0d 00
0x00007ff8f8eed8a1:   00 00 cc cc cc cc cc cc cc cc cc cc cc cc cc 4c
0x00007ff8f8eed8b1:   8b ca 48 8b d1 45 8b 41 08 45 85 c0 7e 0e 41 f6
0x00007ff8f8eed8c1:   c0 01 75 56 41 c1 f8 03 41 8b c0 c3 79 4c 80 3d
0x00007ff8f8eed8d1:   82 b6 95 00 00 b8 0c 00 00 00 b9 10 00 00 00 0f
0x00007ff8f8eed8e1:   45 c8 8b 05 fb 48 8f 00 ff c8 4c 63 c8 48 63 14
0x00007ff8f8eed8f1:   11 41 8b c8 83 e1 3f 48 d3 e2 41 8b c8 48 c1 f9
0x00007ff8f8eed901:   10 0f b6 c1 49 8d 0c 11 49 f7 d1 48 03 c1 49 c1
0x00007ff8f8eed911:   e9 03 48 c1 e8 03 41 23 c1 c3 49 8b 01 49 8b c9
0x00007ff8f8eed921:   48 ff a0 00 01 00 00 cc cc cc cc cc cc cc cc 48
0x00007ff8f8eed931:   83 ec 38 0f 10 02 48 8b 49 40 48 8d 54 24 20 0f
0x00007ff8f8eed941:   29 44 24 20 e8 86 f2 ff ff 48 83 c4 38 c3 cc 48
0x00007ff8f8eed951:   83 ec 38 0f 10 02 48 8b 01 48 8d 54 24 20 0f 29
0x00007ff8f8eed961:   44 24 20 ff 50 38 48 83 c4 38 c3 cc cc cc cc 48
0x00007ff8f8eed971:   89 5c 24 08 55 56 57 41 54 41 55 41 56 41 57 48
0x00007ff8f8eed981:   8d 6c 24 e0 48 81 ec 20 01 00 00 48 8b 05 35 38
0x00007ff8f8eed991:   92 00 48 33 c4 48 89 45 10 48 8b 05 af ac 94 00
0x00007ff8f8eed9a1:   45 33 ed 4c 8b b5 80 00 00 00 4c 8b fa 48 8b bd
0x00007ff8f8eed9b1:   88 00 00 00 4d 8b c6 49 8b d6 49 8b f1 48 8b 48
0x00007ff8f8eed9c1:   40 48 8b 59 40 49 8b cf c7 45 c0 ff ff ff ff 44
0x00007ff8f8eed9d1:   89 6d d4 4c 89 6d d8 44 88 6d e0 c7 45 e8 ff ff
0x00007ff8f8eed9e1:   ff ff 44 89 6d fc 4c 89 6d 00 44 88 6d 08 e8 7c
0x00007ff8f8eed9f1:   13 f4 ff 41 b1 01 4c 8d 45 e8 41 8d 55 04 49 8b
0x00007ff8f8eeda01:   cf e8 09 28 f2 ff 48 8b 05 12 a0 7a 00 4c 8d 25
0x00007ff8f8eeda11:   cb 95 69 00 48 89 44 24 30 4c 8d 44 24 70 0f b6 


Stack slot to memory mapping:
stack at sp + 0 slots: 0x00007ff8f9043d4c jvm.dll
stack at sp + 1 slots: 0x0 is NULL
stack at sp + 2 slots: 0x000000070bd3a498 is an oop: java.util.HashMap$Node 
{0x000000070bd3a498} - klass: 'java/util/HashMap$Node'
 - ---- fields (total size 4 words):
 - final 'hash' 'I' @12  -2041866888 (864b9578)
 - final 'key' 'Ljava/lang/Object;' @16  "/modules/java.base/java/nio/ByteBufferAsFloatBufferL.class"{0x000000070bd3a430} (e17a7486)
 - 'value' 'Ljava/lang/Object;' @20  a 'jdk/internal/jimage/ImageReader$Resource'{0x000000070bd3a1f8} (e17a743f)
 - 'next' 'Ljava/util/HashMap$Node;' @24  NULL (0)
stack at sp + 3 slots: 0x0000000000000001 is an unknown value
stack at sp + 4 slots: 0x000000d7b7aff3a0 points into unknown readable memory: 0x00007ff8f963fe88 | 88 fe 63 f9 f8 7f 00 00
stack at sp + 5 slots: 0x000002a59fb73700 points into unknown readable memory: 0x00000000000007e1 | e1 07 00 00 00 00 00 00
stack at sp + 6 slots: 0x0000000704d88400 is pointing into object: [Ljava.util.HashMap$Node; 
{0x0000000704d88348} - klass: 'java/util/HashMap$Node'[]
 - length: 512
stack at sp + 7 slots: 0x0000000000000001 is an unknown value


---------------  P R O C E S S  ---------------

Threads class SMR info:
_java_thread_list=0x000002a60bc13800, length=14, elements={
0x000002a59fb5b6f0, 0x000002a5c47510b0, 0x000002a5c4751f30, 0x000002a5c4766510,
0x000002a5c47680e0, 0x000002a5c476aab0, 0x000002a5c476b470, 0x000002a5c4777b20,
0x000002a5c47785d0, 0x000002a5c477df10, 0x000002a5c49ecfe0, 0x000002a5c49f7af0,
0x000002a60a5a3560, 0x000002a60bcc3930
}

Java Threads: ( => current thread )
  0x000002a59fb5b6f0 JavaThread "main" [_thread_blocked, id=17320, stack(0x000000d7b6500000,0x000000d7b6600000)]
  0x000002a5c47510b0 JavaThread "Reference Handler" daemon [_thread_blocked, id=4740, stack(0x000000d7b6c00000,0x000000d7b6d00000)]
  0x000002a5c4751f30 JavaThread "Finalizer" daemon [_thread_blocked, id=18568, stack(0x000000d7b6d00000,0x000000d7b6e00000)]
  0x000002a5c4766510 JavaThread "Signal Dispatcher" daemon [_thread_blocked, id=18608, stack(0x000000d7b6e00000,0x000000d7b6f00000)]
  0x000002a5c47680e0 JavaThread "Attach Listener" daemon [_thread_blocked, id=19364, stack(0x000000d7b6f00000,0x000000d7b7000000)]
  0x000002a5c476aab0 JavaThread "Service Thread" daemon [_thread_blocked, id=16628, stack(0x000000d7b7000000,0x000000d7b7100000)]
  0x000002a5c476b470 JavaThread "Monitor Deflation Thread" daemon [_thread_blocked, id=17640, stack(0x000000d7b7100000,0x000000d7b7200000)]
  0x000002a5c4777b20 JavaThread "C2 CompilerThread0" daemon [_thread_blocked, id=12084, stack(0x000000d7b7200000,0x000000d7b7300000)]
  0x000002a5c47785d0 JavaThread "C1 CompilerThread0" daemon [_thread_blocked, id=11460, stack(0x000000d7b7300000,0x000000d7b7400000)]
  0x000002a5c477df10 JavaThread "Sweeper thread" daemon [_thread_blocked, id=16860, stack(0x000000d7b7400000,0x000000d7b7500000)]
  0x000002a5c49ecfe0 JavaThread "Notification Thread" daemon [_thread_blocked, id=18576, stack(0x000000d7b7500000,0x000000d7b7600000)]
  0x000002a5c49f7af0 JavaThread "Common-Cleaner" daemon [_thread_blocked, id=288, stack(0x000000d7b7700000,0x000000d7b7800000)]
  0x000002a60a5a3560 JavaThread "C2 CompilerThread1" daemon [_thread_in_native, id=16060, stack(0x000000d7b7800000,0x000000d7b7900000)]
  0x000002a60bcc3930 JavaThread "C2 CompilerThread2" daemon [_thread_blocked, id=18660, stack(0x000000d7b8100000,0x000000d7b8200000)]

Other Threads:
  0x000002a5c474bbe0 VMThread "VM Thread" [stack: 0x000000d7b6b00000,0x000000d7b6c00000] [id=17860]
  0x000002a5c4755a70 WatcherThread [stack: 0x000000d7b7600000,0x000000d7b7700000] [id=18184]
  0x000002a59fbc6680 GCTaskThread "GC Thread#0" [stack: 0x000000d7b6600000,0x000000d7b6700000] [id=18984]
=>0x000002a60a579d30 GCTaskThread "GC Thread#1" [stack: 0x000000d7b7a00000,0x000000d7b7b00000] [id=3500]
  0x000002a60a5d9f60 GCTaskThread "GC Thread#2" [stack: 0x000000d7b7b00000,0x000000d7b7c00000] [id=17868]
  0x000002a60a5b3810 GCTaskThread "GC Thread#3" [stack: 0x000000d7b7c00000,0x000000d7b7d00000] [id=7580]
  0x000002a60a5b3ad0 GCTaskThread "GC Thread#4" [stack: 0x000000d7b7d00000,0x000000d7b7e00000] [id=19184]
  0x000002a60a7d9c50 GCTaskThread "GC Thread#5" [stack: 0x000000d7b7e00000,0x000000d7b7f00000] [id=15900]
  0x000002a60a75c160 GCTaskThread "GC Thread#6" [stack: 0x000000d7b7f00000,0x000000d7b8000000] [id=17388]
  0x000002a60ace09b0 GCTaskThread "GC Thread#7" [stack: 0x000000d7b8000000,0x000000d7b8100000] [id=17072]
  0x000002a59fbd71e0 ConcurrentGCThread "G1 Main Marker" [stack: 0x000000d7b6700000,0x000000d7b6800000] [id=3904]
  0x000002a59fbd7bf0 ConcurrentGCThread "G1 Conc#0" [stack: 0x000000d7b6800000,0x000000d7b6900000] [id=9516]
  0x000002a60bcde410 ConcurrentGCThread "G1 Conc#1" [stack: 0x000000d7b7900000,0x000000d7b7a00000] [id=18548]
  0x000002a5c46034e0 ConcurrentGCThread "G1 Refine#0" [stack: 0x000000d7b6900000,0x000000d7b6a00000] [id=18928]
  0x000002a60b59f850 ConcurrentGCThread "G1 Refine#1" [stack: 0x000000d7b8200000,0x000000d7b8300000] [id=17980]
  0x000002a60bb902e0 ConcurrentGCThread "G1 Refine#2" [stack: 0x000000d7b8300000,0x000000d7b8400000] [id=1600]
  0x000002a60caf98f0 ConcurrentGCThread "G1 Refine#3" [stack: 0x000000d7b8400000,0x000000d7b8500000] [id=19440]
  0x000002a5c4603f10 ConcurrentGCThread "G1 Service" [stack: 0x000000d7b6a00000,0x000000d7b6b00000] [id=19252]

Threads with active compile tasks:
C2 CompilerThread0     5725 5099       4       com.sun.tools.javac.code.Symtab::lookupPackage (259 bytes)
C2 CompilerThread1     5725 4898   !   4       com.sun.tools.javac.jvm.ClassReader::classSigToType (497 bytes)
C2 CompilerThread2     5725 5212       4       java.io.WinNTFileSystem::normalize (224 bytes)

VM state: at safepoint (normal execution)

VM Mutex/Monitor currently owned by a thread:  ([mutex/lock_event])
[0x000002a59fb57f40] Threads_lock - owner thread: 0x000002a5c474bbe0
[0x000002a59fb579a0] Heap_lock - owner thread: 0x000002a59fb5b6f0

Heap address: 0x0000000703e00000, size: 4034 MB, Compressed Oops mode: Zero based, Oop shift amount: 3

CDS archive(s) mapped at: [0x000002a5c5000000-0x000002a5c5bd0000-0x000002a5c5bd0000), size 12386304, SharedBaseAddress: 0x000002a5c5000000, ArchiveRelocationMode: 1.
Compressed class space mapped at: 0x000002a5c6000000-0x000002a606000000, reserved size: 1073741824
Narrow klass base: 0x000002a5c5000000, Narrow klass shift: 0, Narrow klass range: 0x100000000

GC Precious Log:
 CPUs: 8 total, 8 available
 Memory: 16131M
 Large Page Support: Disabled
 NUMA Support: Disabled
 Compressed Oops: Enabled (Zero based)
 Heap Region Size: 2M
 Heap Min Capacity: 8M
 Heap Initial Capacity: 254M
 Heap Max Capacity: 4034M
 Pre-touch: Disabled
 Parallel Workers: 8
 Concurrent Workers: 2
 Concurrent Refinement Workers: 8
 Periodic GC: Disabled

Heap:
 garbage-first heap   total 92160K, used 61719K [0x0000000703e00000, 0x0000000800000000)
  region size 2048K, 14 young (28672K), 2 survivors (4096K)
 Metaspace       used 23696K, committed 23936K, reserved 1114112K
  class space    used 2669K, committed 2752K, reserved 1048576K

Heap Regions: E=young(eden), S=young(survivor), O=old, HS=humongous(starts), HC=humongous(continues), CS=collection set, F=free, OA=open archive, CA=closed archive, TAMS=top-at-mark-start (previous, next)
|   0|0x0000000703e00000, 0x0000000704000000, 0x0000000704000000|100%| O|  |TAMS 0x0000000704000000, 0x0000000703e00000| Untracked 
|   1|0x0000000704000000, 0x0000000704000000, 0x0000000704200000|  0%| F|  |TAMS 0x0000000704000000, 0x0000000704000000| Untracked 
|   2|0x0000000704200000, 0x0000000704400000, 0x0000000704400000|100%| O|  |TAMS 0x0000000704200000, 0x0000000704200000| Untracked 
|   3|0x0000000704400000, 0x0000000704600000, 0x0000000704600000|100%| O|  |TAMS 0x0000000704400000, 0x0000000704400000| Untracked 
|   4|0x0000000704600000, 0x0000000704800000, 0x0000000704800000|100%| O|  |TAMS 0x0000000704600000, 0x0000000704600000| Untracked 
|   5|0x0000000704800000, 0x0000000704a00000, 0x0000000704a00000|100%| O|  |TAMS 0x0000000704800000, 0x0000000704800000| Untracked 
|   6|0x0000000704a00000, 0x0000000704c00000, 0x0000000704c00000|100%| O|  |TAMS 0x0000000704a00000, 0x0000000704a00000| Untracked 
|   7|0x0000000704c00000, 0x0000000704e00000, 0x0000000704e00000|100%| O|  |TAMS 0x0000000704c00000, 0x0000000704c00000| Untracked 
|   8|0x0000000704e00000, 0x0000000705000000, 0x0000000705000000|100%| O|  |TAMS 0x0000000704e00000, 0x0000000704e00000| Untracked 
|   9|0x0000000705000000, 0x0000000705200000, 0x0000000705200000|100%| O|  |TAMS 0x0000000705000000, 0x0000000705000000| Untracked 
|  10|0x0000000705200000, 0x0000000705400000, 0x0000000705400000|100%| O|  |TAMS 0x0000000705200000, 0x0000000705200000| Untracked 
|  11|0x0000000705400000, 0x0000000705600000, 0x0000000705600000|100%| O|  |TAMS 0x0000000705400000, 0x0000000705400000| Untracked 
|  12|0x0000000705600000, 0x0000000705600000, 0x0000000705800000|  0%| F|  |TAMS 0x0000000705600000, 0x0000000705600000| Untracked 
|  13|0x0000000705800000, 0x0000000705800000, 0x0000000705a00000|  0%| F|  |TAMS 0x0000000705800000, 0x0000000705800000| Untracked 
|  14|0x0000000705a00000, 0x0000000705a00000, 0x0000000705c00000|  0%| F|  |TAMS 0x0000000705a00000, 0x0000000705a00000| Untracked 
|  15|0x0000000705c00000, 0x0000000705c00000, 0x0000000705e00000|  0%| F|  |TAMS 0x0000000705c00000, 0x0000000705c00000| Untracked 
|  16|0x0000000705e00000, 0x0000000706000000, 0x0000000706000000|100%| O|  |TAMS 0x0000000705e00000, 0x0000000705e00000| Untracked 
|  17|0x0000000706000000, 0x0000000706200000, 0x0000000706200000|100%| O|  |TAMS 0x0000000706000000, 0x0000000706000000| Untracked 
|  18|0x0000000706200000, 0x0000000706400000, 0x0000000706400000|100%| O|  |TAMS 0x0000000706200000, 0x0000000706200000| Untracked 
|  19|0x0000000706400000, 0x0000000706600000, 0x0000000706600000|100%|HS|  |TAMS 0x0000000706600000, 0x0000000706400000| Complete 
|  20|0x0000000706600000, 0x0000000706800000, 0x0000000706800000|100%| O|  |TAMS 0x0000000706600000, 0x0000000706600000| Untracked 
|  21|0x0000000706800000, 0x00000007069b8428, 0x0000000706a00000| 85%| O|  |TAMS 0x0000000706800000, 0x0000000706800000| Untracked 
|  22|0x0000000706a00000, 0x0000000706a00000, 0x0000000706c00000|  0%| F|  |TAMS 0x0000000706a00000, 0x0000000706a00000| Untracked 
|  23|0x0000000706c00000, 0x0000000706c00000, 0x0000000706e00000|  0%| F|  |TAMS 0x0000000706c00000, 0x0000000706c00000| Untracked 
|  24|0x0000000706e00000, 0x0000000706e00000, 0x0000000707000000|  0%| F|  |TAMS 0x0000000706e00000, 0x0000000706e00000| Untracked 
|  25|0x0000000707000000, 0x0000000707000000, 0x0000000707200000|  0%| F|  |TAMS 0x0000000707000000, 0x0000000707000000| Untracked 
|  26|0x0000000707200000, 0x0000000707200000, 0x0000000707400000|  0%| F|  |TAMS 0x0000000707200000, 0x0000000707200000| Untracked 
|  27|0x0000000707400000, 0x0000000707400000, 0x0000000707600000|  0%| F|  |TAMS 0x0000000707400000, 0x0000000707400000| Untracked 
|  28|0x0000000707600000, 0x0000000707600000, 0x0000000707800000|  0%| F|  |TAMS 0x0000000707600000, 0x0000000707600000| Untracked 
|  29|0x0000000707800000, 0x0000000707a00000, 0x0000000707a00000|100%| S|  |TAMS 0x0000000707800000, 0x0000000707800000| Complete 
|  30|0x0000000707a00000, 0x0000000707c00000, 0x0000000707c00000|100%| S|  |TAMS 0x0000000707a00000, 0x0000000707a00000| Complete 
|  31|0x0000000707c00000, 0x0000000707e00000, 0x0000000707e00000|100%| E|CS|TAMS 0x0000000707c00000, 0x0000000707c00000| Complete 
|  32|0x0000000707e00000, 0x0000000708000000, 0x0000000708000000|100%| E|CS|TAMS 0x0000000707e00000, 0x0000000707e00000| Complete 
|  33|0x0000000708000000, 0x0000000708200000, 0x0000000708200000|100%| E|CS|TAMS 0x0000000708000000, 0x0000000708000000| Complete 
|  34|0x0000000708200000, 0x0000000708400000, 0x0000000708400000|100%| E|CS|TAMS 0x0000000708200000, 0x0000000708200000| Complete 
|  58|0x000000070b200000, 0x000000070b400000, 0x000000070b400000|100%| E|CS|TAMS 0x000000070b200000, 0x000000070b200000| Complete 
|  59|0x000000070b400000, 0x000000070b600000, 0x000000070b600000|100%| E|CS|TAMS 0x000000070b400000, 0x000000070b400000| Complete 
|  60|0x000000070b600000, 0x000000070b800000, 0x000000070b800000|100%| E|CS|TAMS 0x000000070b600000, 0x000000070b600000| Complete 
|  61|0x000000070b800000, 0x000000070ba00000, 0x000000070ba00000|100%| E|CS|TAMS 0x000000070b800000, 0x000000070b800000| Complete 
|  62|0x000000070ba00000, 0x000000070bc00000, 0x000000070bc00000|100%| E|CS|TAMS 0x000000070ba00000, 0x000000070ba00000| Complete 
|  63|0x000000070bc00000, 0x000000070be00000, 0x000000070be00000|100%| E|CS|TAMS 0x000000070bc00000, 0x000000070bc00000| Complete 
|  64|0x000000070be00000, 0x000000070c000000, 0x000000070c000000|100%| E|CS|TAMS 0x000000070be00000, 0x000000070be00000| Complete 
|  65|0x000000070c000000, 0x000000070c15d7b8, 0x000000070c200000| 68%| E|CS|TAMS 0x000000070c000000, 0x000000070c000000| Complete 
| 126|0x0000000713a00000, 0x0000000713c00000, 0x0000000713c00000|100%| E|CS|TAMS 0x0000000713a00000, 0x0000000713a00000| Complete 
|2016|0x00000007ffe00000, 0x0000000800000000, 0x0000000800000000|100%| O|  |TAMS 0x00000007ffe00000, 0x00000007ffe00000| Untracked 

Card table byte_map: [0x000002a5b8e60000,0x000002a5b9650000] _byte_map_base: 0x000002a5b5641000

Marking Bits (Prev, Next): (CMBitMap*) 0x000002a59fbc6ce0, (CMBitMap*) 0x000002a59fbc6ca0
 Prev Bits: [0x000002a5bdd50000, 0x000002a5c1c58000)
 Next Bits: [0x000002a5b9e40000, 0x000002a5bdd48000)

Polling page: 0x000002a59fc30000

Metaspace:

Usage:
  Non-class:     20.53 MB used.
      Class:      2.61 MB used.
       Both:     23.14 MB used.

Virtual space:
  Non-class space:       64.00 MB reserved,      20.69 MB ( 32%) committed,  1 nodes.
      Class space:        1.00 GB reserved,       2.69 MB ( <1%) committed,  1 nodes.
             Both:        1.06 GB reserved,      23.38 MB (  2%) committed. 

Chunk freelists:
   Non-Class:  10.42 MB
       Class:  13.20 MB
        Both:  23.62 MB

MaxMetaspaceSize: unlimited
CompressedClassSpaceSize: 1.00 GB
Initial GC threshold: 21.00 MB
Current GC threshold: 35.25 MB
CDS: on
MetaspaceReclaimPolicy: balanced
 - commit_granule_bytes: 65536.
 - commit_granule_words: 8192.
 - virtual_space_node_default_size: 8388608.
 - enlarge_chunks_in_place: 1.
 - new_chunks_are_fully_committed: 0.
 - uncommit_free_chunks: 1.
 - use_allocation_guard: 0.
 - handle_deallocations: 1.


Internal statistics:

num_allocs_failed_limit: 3.
num_arena_births: 156.
num_arena_deaths: 0.
num_vsnodes_births: 2.
num_vsnodes_deaths: 0.
num_space_committed: 374.
num_space_uncommitted: 0.
num_chunks_returned_to_freelist: 3.
num_chunks_taken_from_freelist: 981.
num_chunk_merges: 3.
num_chunk_splits: 713.
num_chunks_enlarged: 565.
num_inconsistent_stats: 0.

CodeHeap 'non-profiled nmethods': size=120000Kb used=2684Kb max_used=2684Kb free=117315Kb
 bounds [0x000002a5b06e0000, 0x000002a5b0980000, 0x000002a5b7c10000]
CodeHeap 'profiled nmethods': size=120000Kb used=10997Kb max_used=10997Kb free=109003Kb
 bounds [0x000002a5a8c10000, 0x000002a5a96d0000, 0x000002a5b0140000]
CodeHeap 'non-nmethods': size=5760Kb used=1209Kb max_used=1304Kb free=4550Kb
 bounds [0x000002a5b0140000, 0x000002a5b03b0000, 0x000002a5b06e0000]
 total_blobs=5711 nmethods=5204 adapters=419
 compilation: enabled
              stopped_count=0, restarted_count=0
 full_count=0

Compilation events (20 events):
Event: 5.573 Thread 0x000002a5c4777b20 5053       4       com.sun.tools.javac.util.List::nonEmpty (13 bytes)
Event: 5.573 Thread 0x000002a5c4777b20 nmethod 5053 0x000002a5b097a210 code [0x000002a5b097a380, 0x000002a5b097a418]
Event: 5.573 Thread 0x000002a5c4777b20 5035       4       com.sun.tools.javac.util.List::iterator (20 bytes)
Event: 5.574 Thread 0x000002a5c47785d0 nmethod 5209 0x000002a5a96ca390 code [0x000002a5a96ca660, 0x000002a5a96cb458]
Event: 5.575 Thread 0x000002a5c4777b20 nmethod 5035 0x000002a5b097a510 code [0x000002a5b097a6a0, 0x000002a5b097a798]
Event: 5.575 Thread 0x000002a5c4777b20 5139       4       com.sun.tools.javac.util.List::of (12 bytes)
Event: 5.575 Thread 0x000002a5c47785d0 5210       3       lombok.launch.ClassFileMetaData::readValue (27 bytes)
Event: 5.575 Thread 0x000002a5c47785d0 nmethod 5210 0x000002a5a96cba10 code [0x000002a5a96cbba0, 0x000002a5a96cbd18]
Event: 5.575 Thread 0x000002a5c47785d0 5211       3       lombok.launch.PackageShader::readValue (21 bytes)
Event: 5.576 Thread 0x000002a5c47785d0 nmethod 5211 0x000002a5a96cbe10 code [0x000002a5a96cbfa0, 0x000002a5a96cc0f8]
Event: 5.576 Thread 0x000002a5c4777b20 nmethod 5139 0x000002a5b097a890 code [0x000002a5b097aa20, 0x000002a5b097aaf8]
Event: 5.576 Thread 0x000002a5c4777b20 5099       4       com.sun.tools.javac.code.Symtab::lookupPackage (259 bytes)
Event: 5.585 Thread 0x000002a5c47785d0 5213       3       java.util.concurrent.ConcurrentHashMap$ValueIterator::<init> (12 bytes)
Event: 5.585 Thread 0x000002a5c47785d0 nmethod 5213 0x000002a5a96cc210 code [0x000002a5a96cc3a0, 0x000002a5a96cc4e8]
Event: 5.585 Thread 0x000002a5c47785d0 5214       3       jdk.internal.loader.URLClassPath::findResource (38 bytes)
Event: 5.585 Thread 0x000002a5c47785d0 nmethod 5214 0x000002a5a96cc590 code [0x000002a5a96cc760, 0x000002a5a96ccab8]
Event: 5.592 Thread 0x000002a5c47785d0 5215       3       java.io.File::getAbsoluteFile (38 bytes)
Event: 5.593 Thread 0x000002a5c47785d0 nmethod 5215 0x000002a5a96ccc10 code [0x000002a5a96cce00, 0x000002a5a96cd288]
Event: 5.607 Thread 0x000002a60bcc3930 nmethod 5067 0x000002a5b097ab90 code [0x000002a5b097aec0, 0x000002a5b097dc30]
Event: 5.607 Thread 0x000002a60bcc3930 5212       4       java.io.WinNTFileSystem::normalize (224 bytes)

GC Heap History (11 events):
Event: 0.893 GC heap before
{Heap before GC invocations=0 (full 0):
 garbage-first heap   total 260096K, used 22528K [0x0000000703e00000, 0x0000000800000000)
  region size 2048K, 11 young (22528K), 0 survivors (0K)
 Metaspace       used 4755K, committed 4928K, reserved 1114112K
  class space    used 557K, committed 640K, reserved 1048576K
}
Event: 0.900 GC heap after
{Heap after GC invocations=1 (full 0):
 garbage-first heap   total 260096K, used 3625K [0x0000000703e00000, 0x0000000800000000)
  region size 2048K, 2 young (4096K), 2 survivors (4096K)
 Metaspace       used 4755K, committed 4928K, reserved 1114112K
  class space    used 557K, committed 640K, reserved 1048576K
}
Event: 1.863 GC heap before
{Heap before GC invocations=1 (full 0):
 garbage-first heap   total 260096K, used 34345K [0x0000000703e00000, 0x0000000800000000)
  region size 2048K, 17 young (34816K), 2 survivors (4096K)
 Metaspace       used 9830K, committed 9984K, reserved 1114112K
  class space    used 1215K, committed 1280K, reserved 1048576K
}
Event: 1.870 GC heap after
{Heap after GC invocations=2 (full 0):
 garbage-first heap   total 260096K, used 5621K [0x0000000703e00000, 0x0000000800000000)
  region size 2048K, 2 young (4096K), 2 survivors (4096K)
 Metaspace       used 9830K, committed 9984K, reserved 1114112K
  class space    used 1215K, committed 1280K, reserved 1048576K
}
Event: 4.470 GC heap before
{Heap before GC invocations=2 (full 0):
 garbage-first heap   total 260096K, used 161269K [0x0000000703e00000, 0x0000000800000000)
  region size 2048K, 61 young (124928K), 2 survivors (4096K)
 Metaspace       used 21230K, committed 21504K, reserved 1114112K
  class space    used 2459K, committed 2560K, reserved 1048576K
}
Event: 4.489 GC heap after
{Heap after GC invocations=3 (full 0):
 garbage-first heap   total 260096K, used 22734K [0x0000000703e00000, 0x0000000800000000)
  region size 2048K, 8 young (16384K), 8 survivors (16384K)
 Metaspace       used 21230K, committed 21504K, reserved 1114112K
  class space    used 2459K, committed 2560K, reserved 1048576K
}
Event: 5.161 GC heap before
{Heap before GC invocations=4 (full 0):
 garbage-first heap   total 90112K, used 57550K [0x0000000703e00000, 0x0000000800000000)
  region size 2048K, 26 young (53248K), 8 survivors (16384K)
 Metaspace       used 22641K, committed 22912K, reserved 1114112K
  class space    used 2583K, committed 2688K, reserved 1048576K
}
Event: 5.178 GC heap after
{Heap after GC invocations=5 (full 0):
 garbage-first heap   total 92160K, used 34857K [0x0000000703e00000, 0x0000000800000000)
  region size 2048K, 4 young (8192K), 4 survivors (8192K)
 Metaspace       used 22641K, committed 22912K, reserved 1114112K
  class space    used 2583K, committed 2688K, reserved 1048576K
}
Event: 5.187 GC heap before
{Heap before GC invocations=5 (full 0):
 garbage-first heap   total 92160K, used 36905K [0x0000000703e00000, 0x0000000800000000)
  region size 2048K, 5 young (10240K), 4 survivors (8192K)
 Metaspace       used 22646K, committed 22912K, reserved 1114112K
  class space    used 2583K, committed 2688K, reserved 1048576K
}
Event: 5.196 GC heap after
{Heap after GC invocations=6 (full 0):
 garbage-first heap   total 92160K, used 37143K [0x0000000703e00000, 0x0000000800000000)
  region size 2048K, 1 young (2048K), 1 survivors (2048K)
 Metaspace       used 22646K, committed 22912K, reserved 1114112K
  class space    used 2583K, committed 2688K, reserved 1048576K
}
Event: 5.629 GC heap before
{Heap before GC invocations=6 (full 0):
 garbage-first heap   total 92160K, used 61719K [0x0000000703e00000, 0x0000000800000000)
  region size 2048K, 13 young (26624K), 1 survivors (2048K)
 Metaspace       used 23696K, committed 23936K, reserved 1114112K
  class space    used 2669K, committed 2752K, reserved 1048576K
}

Deoptimization events (20 events):
Event: 5.228 Thread 0x000002a59fb5b6f0 Uncommon trap: trap_request=0xffffff45 fr.pc=0x000002a5b0930ad0 relative=0x0000000000000890
Event: 5.228 Thread 0x000002a59fb5b6f0 Uncommon trap: reason=unstable_if action=reinterpret pc=0x000002a5b0930ad0 method=jdk.internal.jimage.ImageStringsReader.stringFromByteBuffer(Ljava/nio/ByteBuffer;I)Ljava/lang/String; @ 7 c2
Event: 5.228 Thread 0x000002a59fb5b6f0 DEOPT PACKING pc=0x000002a5b0930ad0 sp=0x000000d7b65fbb50
Event: 5.228 Thread 0x000002a59fb5b6f0 DEOPT UNPACKING pc=0x000002a5b01923a3 sp=0x000000d7b65fbb08 mode 2
Event: 5.236 Thread 0x000002a59fb5b6f0 Uncommon trap: trap_request=0xffffff45 fr.pc=0x000002a5b0925f6c relative=0x000000000000016c
Event: 5.236 Thread 0x000002a59fb5b6f0 Uncommon trap: reason=unstable_if action=reinterpret pc=0x000002a5b0925f6c method=jdk.nio.zipfs.ZipPath.getResolved()[B @ 19 c2
Event: 5.236 Thread 0x000002a59fb5b6f0 DEOPT PACKING pc=0x000002a5b0925f6c sp=0x000000d7b65fab00
Event: 5.237 Thread 0x000002a59fb5b6f0 DEOPT UNPACKING pc=0x000002a5b01923a3 sp=0x000000d7b65faa88 mode 2
Event: 5.311 Thread 0x000002a59fb5b6f0 Uncommon trap: trap_request=0xffffff45 fr.pc=0x000002a5b094e8d0 relative=0x0000000000000b10
Event: 5.311 Thread 0x000002a59fb5b6f0 Uncommon trap: reason=unstable_if action=reinterpret pc=0x000002a5b094e8d0 method=com.sun.tools.javac.util.ArrayUtils.ensureCapacity([BI)[B @ 3 c2
Event: 5.311 Thread 0x000002a59fb5b6f0 DEOPT PACKING pc=0x000002a5b094e8d0 sp=0x000000d7b65fab10
Event: 5.311 Thread 0x000002a59fb5b6f0 DEOPT UNPACKING pc=0x000002a5b01923a3 sp=0x000000d7b65faa38 mode 2
Event: 5.515 Thread 0x000002a59fb5b6f0 Uncommon trap: trap_request=0xffffff45 fr.pc=0x000002a5b09068a8 relative=0x00000000000002a8
Event: 5.515 Thread 0x000002a59fb5b6f0 Uncommon trap: reason=unstable_if action=reinterpret pc=0x000002a5b09068a8 method=com.sun.tools.javac.util.Convert.utf2chars([BI[CII)I @ 37 c2
Event: 5.515 Thread 0x000002a59fb5b6f0 DEOPT PACKING pc=0x000002a5b09068a8 sp=0x000000d7b65fb550
Event: 5.515 Thread 0x000002a59fb5b6f0 DEOPT UNPACKING pc=0x000002a5b01923a3 sp=0x000000d7b65fb4b0 mode 2
Event: 5.626 Thread 0x000002a59fb5b6f0 Uncommon trap: trap_request=0xffffff45 fr.pc=0x000002a5b07dcb9c relative=0x00000000000004dc
Event: 5.627 Thread 0x000002a59fb5b6f0 Uncommon trap: reason=unstable_if action=reinterpret pc=0x000002a5b07dcb9c method=java.util.HashMap.hash(Ljava/lang/Object;)I @ 1 c2
Event: 5.627 Thread 0x000002a59fb5b6f0 DEOPT PACKING pc=0x000002a5b07dcb9c sp=0x000000d7b65fb5e0
Event: 5.627 Thread 0x000002a59fb5b6f0 DEOPT UNPACKING pc=0x000002a5b01923a3 sp=0x000000d7b65fb418 mode 2

Classes unloaded (0 events):
No events

Classes redefined (0 events):
No events

Internal exceptions (20 events):
Event: 5.491 Thread 0x000002a59fb5b6f0 Exception <a 'sun/nio/fs/WindowsException'{0x0000000707e920b8}> (0x0000000707e920b8) 
thrown [s\open\src\hotspot\share\prims\jni.cpp, line 516]
Event: 5.491 Thread 0x000002a59fb5b6f0 Exception <a 'sun/nio/fs/WindowsException'{0x0000000707e93650}> (0x0000000707e93650) 
thrown [s\open\src\hotspot\share\prims\jni.cpp, line 516]
Event: 5.491 Thread 0x000002a59fb5b6f0 Exception <a 'sun/nio/fs/WindowsException'{0x0000000707e93ac8}> (0x0000000707e93ac8) 
thrown [s\open\src\hotspot\share\prims\jni.cpp, line 516]
Event: 5.505 Thread 0x000002a59fb5b6f0 Exception <a 'sun/nio/fs/WindowsException'{0x0000000707ee5fa0}> (0x0000000707ee5fa0) 
thrown [s\open\src\hotspot\share\prims\jni.cpp, line 516]
Event: 5.505 Thread 0x000002a59fb5b6f0 Exception <a 'sun/nio/fs/WindowsException'{0x0000000707ee6380}> (0x0000000707ee6380) 
thrown [s\open\src\hotspot\share\prims\jni.cpp, line 516]
Event: 5.506 Thread 0x000002a59fb5b6f0 Exception <a 'sun/nio/fs/WindowsException'{0x0000000707ef3300}> (0x0000000707ef3300) 
thrown [s\open\src\hotspot\share\prims\jni.cpp, line 516]
Event: 5.506 Thread 0x000002a59fb5b6f0 Exception <a 'sun/nio/fs/WindowsException'{0x0000000707ef3690}> (0x0000000707ef3690) 
thrown [s\open\src\hotspot\share\prims\jni.cpp, line 516]
Event: 5.506 Thread 0x000002a59fb5b6f0 Exception <a 'sun/nio/fs/WindowsException'{0x0000000707f19860}> (0x0000000707f19860) 
thrown [s\open\src\hotspot\share\prims\jni.cpp, line 516]
Event: 5.506 Thread 0x000002a59fb5b6f0 Exception <a 'sun/nio/fs/WindowsException'{0x0000000707f19c40}> (0x0000000707f19c40) 
thrown [s\open\src\hotspot\share\prims\jni.cpp, line 516]
Event: 5.506 Thread 0x000002a59fb5b6f0 Exception <a 'sun/nio/fs/WindowsException'{0x0000000707f1b1c8}> (0x0000000707f1b1c8) 
thrown [s\open\src\hotspot\share\prims\jni.cpp, line 516]
Event: 5.506 Thread 0x000002a59fb5b6f0 Exception <a 'sun/nio/fs/WindowsException'{0x0000000707f1b630}> (0x0000000707f1b630) 
thrown [s\open\src\hotspot\share\prims\jni.cpp, line 516]
Event: 5.511 Thread 0x000002a59fb5b6f0 Exception <a 'sun/nio/fs/WindowsException'{0x0000000707f44df0}> (0x0000000707f44df0) 
thrown [s\open\src\hotspot\share\prims\jni.cpp, line 516]
Event: 5.511 Thread 0x000002a59fb5b6f0 Exception <a 'sun/nio/fs/WindowsException'{0x0000000707f451e0}> (0x0000000707f451e0) 
thrown [s\open\src\hotspot\share\prims\jni.cpp, line 516]
Event: 5.512 Thread 0x000002a59fb5b6f0 Exception <a 'sun/nio/fs/WindowsException'{0x0000000707f48708}> (0x0000000707f48708) 
thrown [s\open\src\hotspot\share\prims\jni.cpp, line 516]
Event: 5.512 Thread 0x000002a59fb5b6f0 Exception <a 'sun/nio/fs/WindowsException'{0x0000000707f48ab8}> (0x0000000707f48ab8) 
thrown [s\open\src\hotspot\share\prims\jni.cpp, line 516]
Event: 5.512 Thread 0x000002a59fb5b6f0 Exception <a 'sun/nio/fs/WindowsException'{0x0000000707f4fdb8}> (0x0000000707f4fdb8) 
thrown [s\open\src\hotspot\share\prims\jni.cpp, line 516]
Event: 5.512 Thread 0x000002a59fb5b6f0 Exception <a 'sun/nio/fs/WindowsException'{0x0000000707f501a8}> (0x0000000707f501a8) 
thrown [s\open\src\hotspot\share\prims\jni.cpp, line 516]
Event: 5.512 Thread 0x000002a59fb5b6f0 Exception <a 'sun/nio/fs/WindowsException'{0x0000000707f51740}> (0x0000000707f51740) 
thrown [s\open\src\hotspot\share\prims\jni.cpp, line 516]
Event: 5.512 Thread 0x000002a59fb5b6f0 Exception <a 'sun/nio/fs/WindowsException'{0x0000000707f51bc0}> (0x0000000707f51bc0) 
thrown [s\open\src\hotspot\share\prims\jni.cpp, line 516]
Event: 5.626 Thread 0x000002a59fb5b6f0 Implicit null exception at 0x000002a5b07dc733 to 0x000002a5b07dcb80

VM Operations (20 events):
Event: 4.067 Executing VM operation: HandshakeAllThreads done
Event: 4.470 Executing VM operation: CollectForMetadataAllocation
Event: 4.489 Executing VM operation: CollectForMetadataAllocation done
Event: 4.508 Executing VM operation: G1Concurrent
Event: 4.512 Executing VM operation: G1Concurrent done
Event: 4.516 Executing VM operation: G1Concurrent
Event: 4.523 Executing VM operation: G1Concurrent done
Event: 5.039 Executing VM operation: HandshakeAllThreads
Event: 5.039 Executing VM operation: HandshakeAllThreads done
Event: 5.161 Executing VM operation: G1CollectForAllocation
Event: 5.179 Executing VM operation: G1CollectForAllocation done
Event: 5.187 Executing VM operation: G1CollectForAllocation
Event: 5.196 Executing VM operation: G1CollectForAllocation done
Event: 5.219 Executing VM operation: HandshakeAllThreads
Event: 5.219 Executing VM operation: HandshakeAllThreads done
Event: 5.406 Executing VM operation: ICBufferFull
Event: 5.406 Executing VM operation: ICBufferFull done
Event: 5.539 Executing VM operation: ICBufferFull
Event: 5.539 Executing VM operation: ICBufferFull done
Event: 5.629 Executing VM operation: G1CollectForAllocation

Events (20 events):
Event: 5.235 loading class java/nio/file/Files$3
Event: 5.235 loading class java/nio/file/Files$3 done
Event: 5.235 loading class java/nio/file/FileVisitResult
Event: 5.235 loading class java/nio/file/FileVisitResult done
Event: 5.526 loading class java/util/stream/ReduceOps$1
Event: 5.526 loading class java/util/stream/ReduceOps$1 done
Event: 5.526 loading class java/util/stream/ReduceOps$1ReducingSink
Event: 5.526 loading class java/util/stream/ReduceOps$1ReducingSink done
Event: 5.553 loading class java/net/URLDecoder
Event: 5.553 loading class java/net/URLDecoder done
Event: 5.553 loading class java/net/URLEncoder
Event: 5.553 loading class java/net/URLEncoder done
Event: 5.554 loading class java/util/WeakHashMap$EntrySet
Event: 5.554 loading class java/util/WeakHashMap$EntrySet done
Event: 5.554 loading class java/util/WeakHashMap$EntryIterator
Event: 5.554 loading class java/util/WeakHashMap$HashIterator
Event: 5.554 loading class java/util/WeakHashMap$HashIterator done
Event: 5.554 loading class java/util/WeakHashMap$EntryIterator done
Event: 5.582 loading class jdk/internal/module/IllegalAccessLogger
Event: 5.582 loading class jdk/internal/module/IllegalAccessLogger done


Dynamic libraries:
0x00007ff69f490000 - 0x00007ff69f4a0000 	C:\Program Files\Java\jdk-17\bin\java.exe
0x00007ff98f010000 - 0x00007ff98f208000 	C:\Windows\SYSTEM32\ntdll.dll
0x00007ff98e590000 - 0x00007ff98e651000 	C:\Windows\System32\KERNEL32.DLL
0x00007ff98c6f0000 - 0x00007ff98c9e6000 	C:\Windows\System32\KERNELBASE.dll
0x00007ff98ca20000 - 0x00007ff98cb20000 	C:\Windows\System32\ucrtbase.dll
0x00007ff981f90000 - 0x00007ff981fab000 	C:\Program Files\Java\jdk-17\bin\VCRUNTIME140.dll
0x00007ff9799d0000 - 0x00007ff9799e9000 	C:\Program Files\Java\jdk-17\bin\jli.dll
0x00007ff98e2f0000 - 0x00007ff98e3a0000 	C:\Windows\System32\ADVAPI32.dll
0x00007ff98ebe0000 - 0x00007ff98ec7e000 	C:\Windows\System32\msvcrt.dll
0x00007ff98e660000 - 0x00007ff98e700000 	C:\Windows\System32\sechost.dll
0x00007ff98ed30000 - 0x00007ff98ee53000 	C:\Windows\System32\RPCRT4.dll
0x00007ff98c9f0000 - 0x00007ff98ca17000 	C:\Windows\System32\bcrypt.dll
0x00007ff98d5e0000 - 0x00007ff98d77f000 	C:\Windows\System32\USER32.dll
0x00007ff98c6c0000 - 0x00007ff98c6e2000 	C:\Windows\System32\win32u.dll
0x00007ff977620000 - 0x00007ff9778ba000 	C:\Windows\WinSxS\amd64_microsoft.windows.common-controls_6595b64144ccf1df_6.0.19041.4355_none_60b8b9eb71f62e16\COMCTL32.dll
0x00007ff98d040000 - 0x00007ff98d06b000 	C:\Windows\System32\GDI32.dll
0x00007ff98cf20000 - 0x00007ff98d037000 	C:\Windows\System32\gdi32full.dll
0x00007ff98cda0000 - 0x00007ff98ce3d000 	C:\Windows\System32\msvcp_win.dll
0x00007ff983eb0000 - 0x00007ff983eba000 	C:\Windows\SYSTEM32\VERSION.dll
0x00007ff98ef80000 - 0x00007ff98efaf000 	C:\Windows\System32\IMM32.DLL
0x00007ff986e60000 - 0x00007ff986e6c000 	C:\Program Files\Java\jdk-17\bin\vcruntime140_1.dll
0x00007ff978520000 - 0x00007ff9785ae000 	C:\Program Files\Java\jdk-17\bin\msvcp140.dll
0x00007ff8f8d40000 - 0x00007ff8f9920000 	C:\Program Files\Java\jdk-17\bin\server\jvm.dll
0x00007ff98ee60000 - 0x00007ff98ee68000 	C:\Windows\System32\PSAPI.DLL
0x00007ff9791d0000 - 0x00007ff9791f7000 	C:\Windows\SYSTEM32\WINMM.dll
0x00007ff96a760000 - 0x00007ff96a769000 	C:\Windows\SYSTEM32\WSOCK32.dll
0x00007ff98e4c0000 - 0x00007ff98e52b000 	C:\Windows\System32\WS2_32.dll
0x00007ff98aec0000 - 0x00007ff98aed2000 	C:\Windows\SYSTEM32\kernel.appcore.dll
0x00007ff981f80000 - 0x00007ff981f8a000 	C:\Program Files\Java\jdk-17\bin\jimage.dll
0x00007ff98a160000 - 0x00007ff98a344000 	C:\Windows\SYSTEM32\DBGHELP.DLL
0x00007ff96d930000 - 0x00007ff96d964000 	C:\Windows\SYSTEM32\dbgcore.DLL
0x00007ff98ce40000 - 0x00007ff98cec2000 	C:\Windows\System32\bcryptPrimitives.dll
0x00007ff978d60000 - 0x00007ff978d85000 	C:\Program Files\Java\jdk-17\bin\java.dll
0x00007ff9637c0000 - 0x00007ff963897000 	C:\Program Files\Java\jdk-17\bin\jsvml.dll
0x00007ff98db80000 - 0x00007ff98e2ec000 	C:\Windows\System32\SHELL32.dll
0x00007ff98a6e0000 - 0x00007ff98ae7e000 	C:\Windows\SYSTEM32\windows.storage.dll
0x00007ff98d780000 - 0x00007ff98dad3000 	C:\Windows\System32\combase.dll
0x00007ff98c000000 - 0x00007ff98c02e000 	C:\Windows\SYSTEM32\Wldp.dll
0x00007ff98d430000 - 0x00007ff98d4fd000 	C:\Windows\System32\OLEAUT32.dll
0x00007ff98ec80000 - 0x00007ff98ed2d000 	C:\Windows\System32\SHCORE.dll
0x00007ff98ef20000 - 0x00007ff98ef75000 	C:\Windows\System32\shlwapi.dll
0x00007ff98c5f0000 - 0x00007ff98c614000 	C:\Windows\SYSTEM32\profapi.dll
0x00007ff9799b0000 - 0x00007ff9799c9000 	C:\Program Files\Java\jdk-17\bin\net.dll
0x00007ff983b70000 - 0x00007ff983c7a000 	C:\Windows\SYSTEM32\WINHTTP.dll
0x00007ff98bde0000 - 0x00007ff98be4a000 	C:\Windows\system32\mswsock.dll
0x00007ff978c90000 - 0x00007ff978ca6000 	C:\Program Files\Java\jdk-17\bin\nio.dll
0x00007ff978c70000 - 0x00007ff978c88000 	C:\Program Files\Java\jdk-17\bin\zip.dll
0x0000000069ac0000 - 0x0000000069ae4000 	C:\Program Files\apache-maven-3.8.8-bin\apache-maven-3.8.8\lib\jansi-native\Windows\x86_64\jansi.dll
0x00007ff978c60000 - 0x00007ff978c70000 	C:\Program Files\Java\jdk-17\bin\verify.dll

dbghelp: loaded successfully - version: 4.0.5 - missing functions: none
symbol engine: initialized successfully - sym options: 0x614 - pdb path: .;C:\Program Files\Java\jdk-17\bin;C:\Windows\SYSTEM32;C:\Windows\WinSxS\amd64_microsoft.windows.common-controls_6595b64144ccf1df_6.0.19041.4355_none_60b8b9eb71f62e16;C:\Program Files\Java\jdk-17\bin\server;C:\Program Files\apache-maven-3.8.8-bin\apache-maven-3.8.8\lib\jansi-native\Windows\x86_64

VM Arguments:
jvm_args: -Dclassworlds.conf=C:/Program Files/apache-maven-3.8.8-bin/apache-maven-3.8.8/bin/m2.conf -Dmaven.home=C:/Program Files/apache-maven-3.8.8-bin/apache-maven-3.8.8 -Dlibrary.jansi.path=C:/Program Files/apache-maven-3.8.8-bin/apache-maven-3.8.8/lib/jansi-native -Dmaven.multiModuleProjectDirectory=C:/Users/LENOVO/Documents/kabab/vubaride-java-versionn/VubaRide 
java_command: org.codehaus.plexus.classworlds.launcher.Launcher spring-boot:run
java_class_path (initial): C:/Program Files/apache-maven-3.8.8-bin/apache-maven-3.8.8/boot/plexus-classworlds-2.6.0.jar
Launcher Type: SUN_STANDARD

[Global flags]
     intx CICompilerCount                          = 4                                         {product} {ergonomic}
     uint ConcGCThreads                            = 2                                         {product} {ergonomic}
     uint G1ConcRefinementThreads                  = 8                                         {product} {ergonomic}
   size_t G1HeapRegionSize                         = 2097152                                   {product} {ergonomic}
    uintx GCDrainStackTargetSize                   = 64                                        {product} {ergonomic}
   size_t InitialHeapSize                          = 266338304                                 {product} {ergonomic}
   size_t MarkStackSize                            = 4194304                                   {product} {ergonomic}
   size_t MaxHeapSize                              = 4229955584                                {product} {ergonomic}
   size_t MaxNewSize                               = 2537553920                                {product} {ergonomic}
   size_t MinHeapDeltaBytes                        = 2097152                                   {product} {ergonomic}
   size_t MinHeapSize                              = 8388608                                   {product} {ergonomic}
    uintx NonNMethodCodeHeapSize                   = 5839372                                {pd product} {ergonomic}
    uintx NonProfiledCodeHeapSize                  = 122909434                              {pd product} {ergonomic}
    uintx ProfiledCodeHeapSize                     = 122909434                              {pd product} {ergonomic}
    uintx ReservedCodeCacheSize                    = 251658240                              {pd product} {ergonomic}
     bool SegmentedCodeCache                       = true                                      {product} {ergonomic}
   size_t SoftMaxHeapSize                          = 4229955584                             {manageable} {ergonomic}
     bool UseCompressedClassPointers               = true                           {product lp64_product} {ergonomic}
     bool UseCompressedOops                        = true                           {product lp64_product} {ergonomic}
     bool UseG1GC                                  = true                                      {product} {ergonomic}
     bool UseLargePagesIndividualAllocation        = false                                  {pd product} {ergonomic}

Logging:
Log output configuration:
 #0: stdout all=warning uptime,level,tags
 #1: stderr all=off uptime,level,tags

Environment Variables:
PATH=C:\Users\LENOVO\bin;C:\Program Files\Git\mingw64\bin;C:\Program Files\Git\usr\local\bin;C:\Program Files\Git\usr\bin;C:\Program Files\Git\usr\bin;C:\Program Files\Git\mingw64\bin;C:\Program Files\Git\usr\bin;C:\Users\LENOVO\bin;C:\Program Files\Common Files\Oracle\Java\javapath;C:\Python312\Scripts;C:\Python312;C:\Windows\system32;C:\Windows;C:\Windows\System32\Wbem;C:\Windows\System32\WindowsPowerShell\v1.0;C:\Windows\System32\OpenSSH;C:\Program Files\TortoiseSVN\bin;C:\Program Files\Intel\WiFi\bin;C:\Program Files\Common Files\Intel\WirelessCommon;C:\Program Files\Git\cmd;C:\Program Files\Docker\Docker\resources\bin;C:\Program Files\MySQL\MySQL Server 8.0\bin;C:\Program Files\nodejs;C:\ProgramData\chocolatey\bin;C:\Program Files\Microsoft SQL Server\150\Tools\Binn;C:\Program Files\Microsoft SQL Server\Client SDK\ODBC\170\Tools\Binn;C:\Program Files\dotnet;C:\Program Files (x86)\Microsoft SQL Server\160\Tools\Binn;C:\Program Files\Microsoft SQL Server\160\Tools\Binn;C:\Program Files\Microsoft SQL Server\160\DTS\Binn;C:\Program Files (x86)\Microsoft SQL Server\160\DTS\Binn;C:\Users\LENOVO\AppData\Local\Microsoft\WindowsApps;C:\Users\LENOVO\Desktop\Microsoft VS Code\bin;C:\Users\LENOVO\Desktop\flutter\bin;C:\Program Files\MySQL\MySQL Server 8.0\bin;C:\Users\LENOVO\AppData\Roaming\npm;C:\Users\LENOVO\.dotnet\tools;C:\Program Files\apache-maven-3.8.8-bin\apache-maven-3.8.8\bin;C:\Program Files\Java\jdk-17\bin;C:\Program Files\Git\usr\bin\vendor_perl;C:\Program Files\Git\usr\bin\core_perl
USERNAME=LENOVO
SHELL=C:\Program Files\Git\usr\bin\bash.exe
DISPLAY=needs-to-be-defined
LANG=en_US.UTF-8
OS=Windows_NT
PROCESSOR_IDENTIFIER=Intel64 Family 6 Model 142 Stepping 12, GenuineIntel



---------------  S Y S T E M  ---------------

OS:
 Windows 10 , 64 bit Build 19041 (10.0.19041.4597)
OS uptime: 0 days 3:18 hours
Hyper-V role detected

CPU: total 8 (initial active 8) (4 cores per cpu, 2 threads per core) family 6 model 142 stepping 12 microcode 0xfa, cx8, cmov, fxsr, ht, mmx, 3dnowpref, sse, sse2, sse3, ssse3, sse4.1, sse4.2, popcnt, lzcnt, tsc, tscinvbit, avx, avx2, aes, erms, clmul, bmi1, bmi2, adx, fma, vzeroupper, clflush, clflushopt, hv

Memory: 4k page, system-wide physical 16131M (6017M free)
TotalPageFile size 18563M (AvailPageFile size 3240M)
current process WorkingSet (physical memory assigned to process): 228M, peak: 285M
current process commit charge ("private bytes"): 264M, peak: 411M

vm_info: Java HotSpot(TM) 64-Bit Server VM (17.0.12+8-LTS-286) for windows-amd64 JRE (17.0.12+8-LTS-286), built on Jun  5 2024 06:46:59 by "mach5one" with MS VC++ 17.6 (VS2022)

END.
